MSBuild version 17.8.45+2a7a854c1 for .NET
  Determining projects to restore...
  All projects are up-to-date for restore.
  BuildingBlocks -> /home/teedee/Pictures/QuangHuongComputer/backend/BuildingBlocks/bin/Debug/net8.0/BuildingBlocks.dll
  Catalog -> /home/teedee/Pictures/QuangHuongComputer/backend/Services/Catalog/bin/Debug/net8.0/Catalog.dll
  CRM -> /home/teedee/Pictures/QuangHuongComputer/backend/Services/CRM/bin/Debug/net8.0/CRM.dll
  Content -> /home/teedee/Pictures/QuangHuongComputer/backend/Services/Content/bin/Debug/net8.0/Content.dll
  Identity -> /home/teedee/Pictures/QuangHuongComputer/backend/Services/Identity/bin/Debug/net8.0/Identity.dll
  Ai -> /home/teedee/Pictures/QuangHuongComputer/backend/Services/Ai/bin/Debug/net8.0/Ai.dll
  Communication -> /home/teedee/Pictures/QuangHuongComputer/backend/Services/Communication/bin/Debug/net8.0/Communication.dll
  Payments -> /home/teedee/Pictures/QuangHuongComputer/backend/Services/Payments/bin/Debug/net8.0/Payments.dll
  Inventory -> /home/teedee/Pictures/QuangHuongComputer/backend/Services/Inventory/bin/Debug/net8.0/Inventory.dll
  SystemConfig -> /home/teedee/Pictures/QuangHuongComputer/backend/Services/SystemConfig/bin/Debug/net8.0/SystemConfig.dll
  HR -> /home/teedee/Pictures/QuangHuongComputer/backend/Services/HR/bin/Debug/net8.0/HR.dll
  Repair -> /home/teedee/Pictures/QuangHuongComputer/backend/Services/Repair/bin/Debug/net8.0/Repair.dll
  Accounting -> /home/teedee/Pictures/QuangHuongComputer/backend/Services/Accounting/bin/Debug/net8.0/Accounting.dll
  Warranty -> /home/teedee/Pictures/QuangHuongComputer/backend/Services/Warranty/bin/Debug/net8.0/Warranty.dll
  Sales -> /home/teedee/Pictures/QuangHuongComputer/backend/Services/Sales/bin/Debug/net8.0/Sales.dll
  Reporting -> /home/teedee/Pictures/QuangHuongComputer/backend/Services/Reporting/bin/Debug/net8.0/Reporting.dll
  ApiGateway -> /home/teedee/Pictures/QuangHuongComputer/backend/ApiGateway/bin/Debug/net8.0/ApiGateway.dll

Build succeeded.
    0 Warning(s)
    0 Error(s)

Time Elapsed 00:00:06.36
