nohup: ignoring input
Using launch settings from /home/teedee/Pictures/QuangHuongComputer/backend/ApiGateway/Properties/launchSettings.json...
Building...
/home/teedee/Pictures/QuangHuongComputer/backend/Services/Content/Content.csproj : warning NU1903: Package 'Npgsql' 8.0.2 has a known high severity vulnerability, https://github.com/advisories/GHSA-x9vc-6hfv-hg8c [/home/teedee/Pictures/QuangHuongComputer/backend/ApiGateway/ApiGateway.csproj]
/home/teedee/Pictures/QuangHuongComputer/backend/Services/HR/HR.csproj : warning NU1903: Package 'Npgsql' 8.0.2 has a known high severity vulnerability, https://github.com/advisories/GHSA-x9vc-6hfv-hg8c [/home/teedee/Pictures/QuangHuongComputer/backend/ApiGateway/ApiGateway.csproj]
/home/teedee/Pictures/QuangHuongComputer/backend/Services/Reporting/Reporting.csproj : warning NU1903: Package 'Npgsql' 8.0.2 has a known high severity vulnerability, https://github.com/advisories/GHSA-x9vc-6hfv-hg8c [/home/teedee/Pictures/QuangHuongComputer/backend/ApiGateway/ApiGateway.csproj]
/home/teedee/Pictures/QuangHuongComputer/backend/Services/Accounting/Accounting.csproj : warning NU1903: Package 'Npgsql' 8.0.2 has a known high severity vulnerability, https://github.com/advisories/GHSA-x9vc-6hfv-hg8c [/home/teedee/Pictures/QuangHuongComputer/backend/ApiGateway/ApiGateway.csproj]
/home/teedee/Pictures/QuangHuongComputer/backend/Services/Communication/Communication.csproj : warning NU1510: PackageReference Microsoft.AspNetCore.SignalR will not be pruned. Consider removing this package from your dependencies, as it is likely unnecessary. [/home/teedee/Pictures/QuangHuongComputer/backend/ApiGateway/ApiGateway.csproj]
/home/teedee/Pictures/QuangHuongComputer/backend/Services/Sales/Sales.csproj : warning NU1903: Package 'Npgsql' 8.0.2 has a known high severity vulnerability, https://github.com/advisories/GHSA-x9vc-6hfv-hg8c [/home/teedee/Pictures/QuangHuongComputer/backend/ApiGateway/ApiGateway.csproj]
/home/teedee/Pictures/QuangHuongComputer/backend/Services/Repair/Repair.csproj : warning NU1903: Package 'Npgsql' 8.0.2 has a known high severity vulnerability, https://github.com/advisories/GHSA-x9vc-6hfv-hg8c [/home/teedee/Pictures/QuangHuongComputer/backend/ApiGateway/ApiGateway.csproj]
/home/teedee/Pictures/QuangHuongComputer/backend/Services/SystemConfig/SystemConfig.csproj : warning NU1903: Package 'Npgsql' 8.0.2 has a known high severity vulnerability, https://github.com/advisories/GHSA-x9vc-6hfv-hg8c [/home/teedee/Pictures/QuangHuongComputer/backend/ApiGateway/ApiGateway.csproj]
/home/teedee/Pictures/QuangHuongComputer/backend/BuildingBlocks/BuildingBlocks.csproj : warning NU1510: PackageReference Microsoft.Extensions.Logging.Abstractions will not be pruned. Consider removing this package from your dependencies, as it is likely unnecessary. [/home/teedee/Pictures/QuangHuongComputer/backend/ApiGateway/ApiGateway.csproj]
/home/teedee/Pictures/QuangHuongComputer/backend/BuildingBlocks/BuildingBlocks.csproj : warning NU1510: PackageReference Microsoft.Extensions.Hosting.Abstractions will not be pruned. Consider removing this package from your dependencies, as it is likely unnecessary. [/home/teedee/Pictures/QuangHuongComputer/backend/ApiGateway/ApiGateway.csproj]
/home/teedee/Pictures/QuangHuongComputer/backend/Services/Communication/Communication.csproj : warning NU1510: PackageReference Microsoft.Extensions.Http will not be pruned. Consider removing this package from your dependencies, as it is likely unnecessary. [/home/teedee/Pictures/QuangHuongComputer/backend/ApiGateway/ApiGateway.csproj]
/home/teedee/Pictures/QuangHuongComputer/backend/Services/Payments/Payments.csproj : warning NU1903: Package 'Npgsql' 8.0.2 has a known high severity vulnerability, https://github.com/advisories/GHSA-x9vc-6hfv-hg8c [/home/teedee/Pictures/QuangHuongComputer/backend/ApiGateway/ApiGateway.csproj]
/home/teedee/Pictures/QuangHuongComputer/backend/BuildingBlocks/BuildingBlocks.csproj : warning NU1510: PackageReference Microsoft.Extensions.Http will not be pruned. Consider removing this package from your dependencies, as it is likely unnecessary. [/home/teedee/Pictures/QuangHuongComputer/backend/ApiGateway/ApiGateway.csproj]
/home/teedee/Pictures/QuangHuongComputer/backend/Services/Communication/Communication.csproj : warning NU1903: Package 'Npgsql' 8.0.2 has a known high severity vulnerability, https://github.com/advisories/GHSA-x9vc-6hfv-hg8c [/home/teedee/Pictures/QuangHuongComputer/backend/ApiGateway/ApiGateway.csproj]
/home/teedee/Pictures/QuangHuongComputer/backend/BuildingBlocks/BuildingBlocks.csproj : warning NU1510: PackageReference Microsoft.Extensions.Configuration.Abstractions will not be pruned. Consider removing this package from your dependencies, as it is likely unnecessary. [/home/teedee/Pictures/QuangHuongComputer/backend/ApiGateway/ApiGateway.csproj]
/home/teedee/Pictures/QuangHuongComputer/backend/ApiGateway/ApiGateway.csproj : warning NU1903: Package 'Npgsql' 8.0.2 has a known high severity vulnerability, https://github.com/advisories/GHSA-x9vc-6hfv-hg8c
/home/teedee/Pictures/QuangHuongComputer/backend/BuildingBlocks/BuildingBlocks.csproj : warning NU1510: PackageReference Microsoft.Extensions.DependencyInjection will not be pruned. Consider removing this package from your dependencies, as it is likely unnecessary. [/home/teedee/Pictures/QuangHuongComputer/backend/ApiGateway/ApiGateway.csproj]
/home/teedee/Pictures/QuangHuongComputer/backend/BuildingBlocks/BuildingBlocks.csproj : warning NU1510: PackageReference Microsoft.Extensions.DependencyInjection.Abstractions will not be pruned. Consider removing this package from your dependencies, as it is likely unnecessary. [/home/teedee/Pictures/QuangHuongComputer/backend/ApiGateway/ApiGateway.csproj]
/home/teedee/Pictures/QuangHuongComputer/backend/Services/Ai/Ai.csproj : warning NU1903: Package 'Microsoft.Extensions.Caching.Memory' 8.0.0 has a known high severity vulnerability, https://github.com/advisories/GHSA-qj66-m88j-hmgj [/home/teedee/Pictures/QuangHuongComputer/backend/ApiGateway/ApiGateway.csproj]
/home/teedee/Pictures/QuangHuongComputer/backend/Services/Inventory/Inventory.csproj : warning NU1903: Package 'Npgsql' 8.0.2 has a known high severity vulnerability, https://github.com/advisories/GHSA-x9vc-6hfv-hg8c [/home/teedee/Pictures/QuangHuongComputer/backend/ApiGateway/ApiGateway.csproj]
/home/teedee/Pictures/QuangHuongComputer/backend/Services/Ai/Ai.csproj : warning NU1903: Package 'Npgsql' 8.0.2 has a known high severity vulnerability, https://github.com/advisories/GHSA-x9vc-6hfv-hg8c [/home/teedee/Pictures/QuangHuongComputer/backend/ApiGateway/ApiGateway.csproj]
/home/teedee/Pictures/QuangHuongComputer/backend/Services/Identity/Identity.csproj : warning NU1903: Package 'Npgsql' 8.0.2 has a known high severity vulnerability, https://github.com/advisories/GHSA-x9vc-6hfv-hg8c [/home/teedee/Pictures/QuangHuongComputer/backend/ApiGateway/ApiGateway.csproj]
/home/teedee/Pictures/QuangHuongComputer/backend/Services/Catalog/Catalog.csproj : warning NU1903: Package 'Npgsql' 8.0.2 has a known high severity vulnerability, https://github.com/advisories/GHSA-x9vc-6hfv-hg8c [/home/teedee/Pictures/QuangHuongComputer/backend/ApiGateway/ApiGateway.csproj]
/home/teedee/Pictures/QuangHuongComputer/backend/Services/Warranty/Warranty.csproj : warning NU1903: Package 'Npgsql' 8.0.2 has a known high severity vulnerability, https://github.com/advisories/GHSA-x9vc-6hfv-hg8c [/home/teedee/Pictures/QuangHuongComputer/backend/ApiGateway/ApiGateway.csproj]
/home/teedee/Pictures/QuangHuongComputer/backend/BuildingBlocks/BuildingBlocks.csproj : warning NU1510: PackageReference Microsoft.AspNetCore.Authorization will not be pruned. Consider removing this package from your dependencies, as it is likely unnecessary. [/home/teedee/Pictures/QuangHuongComputer/backend/ApiGateway/ApiGateway.csproj]
/home/teedee/Pictures/QuangHuongComputer/backend/BuildingBlocks/BuildingBlocks.csproj : warning NU1903: Package 'Npgsql' 8.0.2 has a known high severity vulnerability, https://github.com/advisories/GHSA-x9vc-6hfv-hg8c [/home/teedee/Pictures/QuangHuongComputer/backend/ApiGateway/ApiGateway.csproj]
/home/teedee/Pictures/QuangHuongComputer/backend/ApiGateway/ApiGateway.csproj : warning NU1903: Package 'Npgsql' 8.0.2 has a known high severity vulnerability, https://github.com/advisories/GHSA-x9vc-6hfv-hg8c
/home/teedee/Pictures/QuangHuongComputer/backend/Services/SystemConfig/SystemConfig.csproj : warning NU1903: Package 'Npgsql' 8.0.2 has a known high severity vulnerability, https://github.com/advisories/GHSA-x9vc-6hfv-hg8c
/home/teedee/Pictures/QuangHuongComputer/backend/Services/Reporting/Reporting.csproj : warning NU1903: Package 'Npgsql' 8.0.2 has a known high severity vulnerability, https://github.com/advisories/GHSA-x9vc-6hfv-hg8c
/home/teedee/Pictures/QuangHuongComputer/backend/Services/HR/HR.csproj : warning NU1903: Package 'Npgsql' 8.0.2 has a known high severity vulnerability, https://github.com/advisories/GHSA-x9vc-6hfv-hg8c
/home/teedee/Pictures/QuangHuongComputer/backend/Services/Sales/Sales.csproj : warning NU1903: Package 'Npgsql' 8.0.2 has a known high severity vulnerability, https://github.com/advisories/GHSA-x9vc-6hfv-hg8c
/home/teedee/Pictures/QuangHuongComputer/backend/Services/Inventory/Inventory.csproj : warning NU1903: Package 'Npgsql' 8.0.2 has a known high severity vulnerability, https://github.com/advisories/GHSA-x9vc-6hfv-hg8c
/home/teedee/Pictures/QuangHuongComputer/backend/Services/Payments/Payments.csproj : warning NU1903: Package 'Npgsql' 8.0.2 has a known high severity vulnerability, https://github.com/advisories/GHSA-x9vc-6hfv-hg8c
/home/teedee/Pictures/QuangHuongComputer/backend/Services/Identity/Identity.csproj : warning NU1903: Package 'Npgsql' 8.0.2 has a known high severity vulnerability, https://github.com/advisories/GHSA-x9vc-6hfv-hg8c
/home/teedee/Pictures/QuangHuongComputer/backend/Services/Catalog/Catalog.csproj : warning NU1903: Package 'Npgsql' 8.0.2 has a known high severity vulnerability, https://github.com/advisories/GHSA-x9vc-6hfv-hg8c
/home/teedee/Pictures/QuangHuongComputer/backend/Services/Accounting/Accounting.csproj : warning NU1903: Package 'Npgsql' 8.0.2 has a known high severity vulnerability, https://github.com/advisories/GHSA-x9vc-6hfv-hg8c
/home/teedee/Pictures/QuangHuongComputer/backend/Services/Repair/Repair.csproj : warning NU1903: Package 'Npgsql' 8.0.2 has a known high severity vulnerability, https://github.com/advisories/GHSA-x9vc-6hfv-hg8c
/home/teedee/Pictures/QuangHuongComputer/backend/Services/Content/Content.csproj : warning NU1903: Package 'Npgsql' 8.0.2 has a known high severity vulnerability, https://github.com/advisories/GHSA-x9vc-6hfv-hg8c
/home/teedee/Pictures/QuangHuongComputer/backend/Services/Warranty/Warranty.csproj : warning NU1903: Package 'Npgsql' 8.0.2 has a known high severity vulnerability, https://github.com/advisories/GHSA-x9vc-6hfv-hg8c
/home/teedee/Pictures/QuangHuongComputer/backend/Services/Ai/Ai.csproj : warning NU1903: Package 'Microsoft.Extensions.Caching.Memory' 8.0.0 has a known high severity vulnerability, https://github.com/advisories/GHSA-qj66-m88j-hmgj
/home/teedee/Pictures/QuangHuongComputer/backend/Services/Ai/Ai.csproj : warning NU1903: Package 'Npgsql' 8.0.2 has a known high severity vulnerability, https://github.com/advisories/GHSA-x9vc-6hfv-hg8c
/home/teedee/Pictures/QuangHuongComputer/backend/Services/Communication/Communication.csproj : warning NU1510: PackageReference Microsoft.AspNetCore.SignalR will not be pruned. Consider removing this package from your dependencies, as it is likely unnecessary.
/home/teedee/Pictures/QuangHuongComputer/backend/Services/Communication/Communication.csproj : warning NU1510: PackageReference Microsoft.Extensions.Http will not be pruned. Consider removing this package from your dependencies, as it is likely unnecessary.
/home/teedee/Pictures/QuangHuongComputer/backend/Services/Communication/Communication.csproj : warning NU1903: Package 'Npgsql' 8.0.2 has a known high severity vulnerability, https://github.com/advisories/GHSA-x9vc-6hfv-hg8c
/home/teedee/Pictures/QuangHuongComputer/backend/BuildingBlocks/BuildingBlocks.csproj : warning NU1510: PackageReference Microsoft.Extensions.Logging.Abstractions will not be pruned. Consider removing this package from your dependencies, as it is likely unnecessary.
/home/teedee/Pictures/QuangHuongComputer/backend/BuildingBlocks/BuildingBlocks.csproj : warning NU1510: PackageReference Microsoft.Extensions.Hosting.Abstractions will not be pruned. Consider removing this package from your dependencies, as it is likely unnecessary.
/home/teedee/Pictures/QuangHuongComputer/backend/BuildingBlocks/BuildingBlocks.csproj : warning NU1510: PackageReference Microsoft.Extensions.Http will not be pruned. Consider removing this package from your dependencies, as it is likely unnecessary.
/home/teedee/Pictures/QuangHuongComputer/backend/BuildingBlocks/BuildingBlocks.csproj : warning NU1510: PackageReference Microsoft.Extensions.Configuration.Abstractions will not be pruned. Consider removing this package from your dependencies, as it is likely unnecessary.
/home/teedee/Pictures/QuangHuongComputer/backend/BuildingBlocks/BuildingBlocks.csproj : warning NU1510: PackageReference Microsoft.Extensions.DependencyInjection will not be pruned. Consider removing this package from your dependencies, as it is likely unnecessary.
/home/teedee/Pictures/QuangHuongComputer/backend/BuildingBlocks/BuildingBlocks.csproj : warning NU1510: PackageReference Microsoft.Extensions.DependencyInjection.Abstractions will not be pruned. Consider removing this package from your dependencies, as it is likely unnecessary.
/home/teedee/Pictures/QuangHuongComputer/backend/BuildingBlocks/BuildingBlocks.csproj : warning NU1510: PackageReference Microsoft.AspNetCore.Authorization will not be pruned. Consider removing this package from your dependencies, as it is likely unnecessary.
/home/teedee/Pictures/QuangHuongComputer/backend/BuildingBlocks/BuildingBlocks.csproj : warning NU1903: Package 'Npgsql' 8.0.2 has a known high severity vulnerability, https://github.com/advisories/GHSA-x9vc-6hfv-hg8c
/home/teedee/Pictures/QuangHuongComputer/backend/BuildingBlocks/Database/PostgreSQLConfig.cs(133,28): warning CS8625: Cannot convert null literal to non-nullable reference type. [/home/teedee/Pictures/QuangHuongComputer/backend/BuildingBlocks/BuildingBlocks.csproj]
/home/teedee/Pictures/QuangHuongComputer/backend/BuildingBlocks/Repository/Repository.cs(21,54): warning CS8601: Possible null reference assignment. [/home/teedee/Pictures/QuangHuongComputer/backend/BuildingBlocks/BuildingBlocks.csproj]
/home/teedee/Pictures/QuangHuongComputer/backend/BuildingBlocks/Caching/Redis/RedisDistributedCache.cs(42,26): warning CS0168: The variable 'ex' is declared but never used [/home/teedee/Pictures/QuangHuongComputer/backend/BuildingBlocks/BuildingBlocks.csproj]
/home/teedee/Pictures/QuangHuongComputer/backend/BuildingBlocks/Caching/Redis/RedisDistributedCache.cs(65,26): warning CS0168: The variable 'ex' is declared but never used [/home/teedee/Pictures/QuangHuongComputer/backend/BuildingBlocks/BuildingBlocks.csproj]
/home/teedee/Pictures/QuangHuongComputer/backend/BuildingBlocks/Caching/Redis/RedisDistributedCache.cs(81,26): warning CS0168: The variable 'ex' is declared but never used [/home/teedee/Pictures/QuangHuongComputer/backend/BuildingBlocks/BuildingBlocks.csproj]
/home/teedee/Pictures/QuangHuongComputer/backend/BuildingBlocks/Caching/Redis/RedisDistributedCache.cs(103,26): warning CS0168: The variable 'ex' is declared but never used [/home/teedee/Pictures/QuangHuongComputer/backend/BuildingBlocks/BuildingBlocks.csproj]
/home/teedee/Pictures/QuangHuongComputer/backend/BuildingBlocks/Caching/Redis/RedisDistributedCache.cs(119,26): warning CS0168: The variable 'ex' is declared but never used [/home/teedee/Pictures/QuangHuongComputer/backend/BuildingBlocks/BuildingBlocks.csproj]
/home/teedee/Pictures/QuangHuongComputer/backend/BuildingBlocks/Caching/Redis/RedisDistributedCache.cs(135,26): warning CS0168: The variable 'ex' is declared but never used [/home/teedee/Pictures/QuangHuongComputer/backend/BuildingBlocks/BuildingBlocks.csproj]
/home/teedee/Pictures/QuangHuongComputer/backend/BuildingBlocks/Caching/Redis/RedisDistributedCache.cs(163,26): warning CS0168: The variable 'ex' is declared but never used [/home/teedee/Pictures/QuangHuongComputer/backend/BuildingBlocks/BuildingBlocks.csproj]
/home/teedee/Pictures/QuangHuongComputer/backend/Services/Ai/Domain/SearchEntry.cs(19,15): warning CS8618: Non-nullable property 'Title' must contain a non-null value when exiting constructor. Consider adding the 'required' modifier or declaring the property as nullable. [/home/teedee/Pictures/QuangHuongComputer/backend/Services/Ai/Ai.csproj]
/home/teedee/Pictures/QuangHuongComputer/backend/Services/Ai/Domain/SearchEntry.cs(19,15): warning CS8618: Non-nullable property 'Content' must contain a non-null value when exiting constructor. Consider adding the 'required' modifier or declaring the property as nullable. [/home/teedee/Pictures/QuangHuongComputer/backend/Services/Ai/Ai.csproj]
/home/teedee/Pictures/QuangHuongComputer/backend/Services/Ai/Domain/SearchEntry.cs(19,15): warning CS8618: Non-nullable property 'SourceType' must contain a non-null value when exiting constructor. Consider adding the 'required' modifier or declaring the property as nullable. [/home/teedee/Pictures/QuangHuongComputer/backend/Services/Ai/Ai.csproj]
/home/teedee/Pictures/QuangHuongComputer/backend/Services/Ai/Domain/SearchEntry.cs(19,15): warning CS8618: Non-nullable property 'ExternalId' must contain a non-null value when exiting constructor. Consider adding the 'required' modifier or declaring the property as nullable. [/home/teedee/Pictures/QuangHuongComputer/backend/Services/Ai/Ai.csproj]
/home/teedee/Pictures/QuangHuongComputer/backend/Services/Catalog/Domain/Product.cs(63,17): error CS0100: The parameter name 'imageUrl' is a duplicate [/home/teedee/Pictures/QuangHuongComputer/backend/Services/Catalog/Catalog.csproj]
/home/teedee/Pictures/QuangHuongComputer/backend/Services/Payments/Domain/PaymentIntent.cs(19,15): warning CS8618: Non-nullable property 'Currency' must contain a non-null value when exiting constructor. Consider adding the 'required' modifier or declaring the property as nullable. [/home/teedee/Pictures/QuangHuongComputer/backend/Services/Payments/Payments.csproj]
/home/teedee/Pictures/QuangHuongComputer/backend/Services/Payments/Domain/PaymentIntent.cs(19,15): warning CS8618: Non-nullable property 'IdempotencyKey' must contain a non-null value when exiting constructor. Consider adding the 'required' modifier or declaring the property as nullable. [/home/teedee/Pictures/QuangHuongComputer/backend/Services/Payments/Payments.csproj]
/home/teedee/Pictures/QuangHuongComputer/backend/Services/Communication/Domain/Notifications.cs(91,15): warning CS8618: Non-nullable property 'Content' must contain a non-null value when exiting constructor. Consider adding the 'required' modifier or declaring the property as nullable. [/home/teedee/Pictures/QuangHuongComputer/backend/Services/Communication/Communication.csproj]
/home/teedee/Pictures/QuangHuongComputer/backend/Services/Communication/Domain/ChatMessage.cs(18,15): warning CS8618: Non-nullable property 'SenderId' must contain a non-null value when exiting constructor. Consider adding the 'required' modifier or declaring the property as nullable. [/home/teedee/Pictures/QuangHuongComputer/backend/Services/Communication/Communication.csproj]
/home/teedee/Pictures/QuangHuongComputer/backend/Services/Communication/Domain/ChatMessage.cs(18,15): warning CS8618: Non-nullable property 'SenderName' must contain a non-null value when exiting constructor. Consider adding the 'required' modifier or declaring the property as nullable. [/home/teedee/Pictures/QuangHuongComputer/backend/Services/Communication/Communication.csproj]
/home/teedee/Pictures/QuangHuongComputer/backend/Services/Communication/Domain/ChatMessage.cs(18,15): warning CS8618: Non-nullable property 'Text' must contain a non-null value when exiting constructor. Consider adding the 'required' modifier or declaring the property as nullable. [/home/teedee/Pictures/QuangHuongComputer/backend/Services/Communication/Communication.csproj]
/home/teedee/Pictures/QuangHuongComputer/backend/Services/Communication/Domain/Notifications.cs(41,15): warning CS8618: Non-nullable property 'Code' must contain a non-null value when exiting constructor. Consider adding the 'required' modifier or declaring the property as nullable. [/home/teedee/Pictures/QuangHuongComputer/backend/Services/Communication/Communication.csproj]
/home/teedee/Pictures/QuangHuongComputer/backend/Services/Communication/Domain/Notifications.cs(41,15): warning CS8618: Non-nullable property 'Name' must contain a non-null value when exiting constructor. Consider adding the 'required' modifier or declaring the property as nullable. [/home/teedee/Pictures/QuangHuongComputer/backend/Services/Communication/Communication.csproj]
/home/teedee/Pictures/QuangHuongComputer/backend/Services/Communication/Domain/Notifications.cs(41,15): warning CS8618: Non-nullable property 'Subject' must contain a non-null value when exiting constructor. Consider adding the 'required' modifier or declaring the property as nullable. [/home/teedee/Pictures/QuangHuongComputer/backend/Services/Communication/Communication.csproj]
/home/teedee/Pictures/QuangHuongComputer/backend/Services/Communication/Domain/Notifications.cs(41,15): warning CS8618: Non-nullable property 'Body' must contain a non-null value when exiting constructor. Consider adding the 'required' modifier or declaring the property as nullable. [/home/teedee/Pictures/QuangHuongComputer/backend/Services/Communication/Communication.csproj]
/home/teedee/Pictures/QuangHuongComputer/backend/Services/Communication/Domain/Conversation.cs(21,15): warning CS8618: Non-nullable property 'CustomerId' must contain a non-null value when exiting constructor. Consider adding the 'required' modifier or declaring the property as nullable. [/home/teedee/Pictures/QuangHuongComputer/backend/Services/Communication/Communication.csproj]
/home/teedee/Pictures/QuangHuongComputer/backend/Services/Communication/Domain/Conversation.cs(21,15): warning CS8618: Non-nullable property 'CustomerName' must contain a non-null value when exiting constructor. Consider adding the 'required' modifier or declaring the property as nullable. [/home/teedee/Pictures/QuangHuongComputer/backend/Services/Communication/Communication.csproj]
/home/teedee/Pictures/QuangHuongComputer/backend/Services/Content/Domain/Banner.cs(56,15): warning CS8618: Non-nullable property 'Name' must contain a non-null value when exiting constructor. Consider adding the 'required' modifier or declaring the property as nullable. [/home/teedee/Pictures/QuangHuongComputer/backend/Services/Content/Content.csproj]
/home/teedee/Pictures/QuangHuongComputer/backend/Services/Content/Domain/Banner.cs(56,15): warning CS8618: Non-nullable property 'ImageUrl' must contain a non-null value when exiting constructor. Consider adding the 'required' modifier or declaring the property as nullable. [/home/teedee/Pictures/QuangHuongComputer/backend/Services/Content/Content.csproj]
/home/teedee/Pictures/QuangHuongComputer/backend/Services/Content/Domain/Menu.cs(31,15): warning CS8618: Non-nullable property 'Name' must contain a non-null value when exiting constructor. Consider adding the 'required' modifier or declaring the property as nullable. [/home/teedee/Pictures/QuangHuongComputer/backend/Services/Content/Content.csproj]
/home/teedee/Pictures/QuangHuongComputer/backend/Services/Content/Domain/Menu.cs(31,15): warning CS8618: Non-nullable property 'Code' must contain a non-null value when exiting constructor. Consider adding the 'required' modifier or declaring the property as nullable. [/home/teedee/Pictures/QuangHuongComputer/backend/Services/Content/Content.csproj]
/home/teedee/Pictures/QuangHuongComputer/backend/Services/Content/Domain/Menu.cs(90,15): warning CS8618: Non-nullable property 'Label' must contain a non-null value when exiting constructor. Consider adding the 'required' modifier or declaring the property as nullable. [/home/teedee/Pictures/QuangHuongComputer/backend/Services/Content/Content.csproj]
/home/teedee/Pictures/QuangHuongComputer/backend/Services/Content/Domain/CMSPage.cs(46,15): warning CS8618: Non-nullable property 'Title' must contain a non-null value when exiting constructor. Consider adding the 'required' modifier or declaring the property as nullable. [/home/teedee/Pictures/QuangHuongComputer/backend/Services/Content/Content.csproj]
/home/teedee/Pictures/QuangHuongComputer/backend/Services/Content/Domain/CMSPage.cs(46,15): warning CS8618: Non-nullable property 'Slug' must contain a non-null value when exiting constructor. Consider adding the 'required' modifier or declaring the property as nullable. [/home/teedee/Pictures/QuangHuongComputer/backend/Services/Content/Content.csproj]
/home/teedee/Pictures/QuangHuongComputer/backend/Services/Content/Domain/CMSPage.cs(46,15): warning CS8618: Non-nullable property 'Content' must contain a non-null value when exiting constructor. Consider adding the 'required' modifier or declaring the property as nullable. [/home/teedee/Pictures/QuangHuongComputer/backend/Services/Content/Content.csproj]
/home/teedee/Pictures/QuangHuongComputer/backend/Services/Identity/Infrastructure/IdentityDbContext.cs(18,17): warning CS0114: 'ApplicationUser.TwoFactorEnabled' hides inherited member 'IdentityUser<string>.TwoFactorEnabled'. To make the current member override that implementation, add the override keyword. Otherwise add the new keyword. [/home/teedee/Pictures/QuangHuongComputer/backend/Services/Identity/Identity.csproj]
/home/teedee/Pictures/QuangHuongComputer/backend/Services/Inventory/Domain/Supplier.cs(24,15): warning CS8618: Non-nullable property 'Name' must contain a non-null value when exiting constructor. Consider adding the 'required' modifier or declaring the property as nullable. [/home/teedee/Pictures/QuangHuongComputer/backend/Services/Inventory/Inventory.csproj]
/home/teedee/Pictures/QuangHuongComputer/backend/Services/Inventory/Domain/Supplier.cs(24,15): warning CS8618: Non-nullable property 'ContactPerson' must contain a non-null value when exiting constructor. Consider adding the 'required' modifier or declaring the property as nullable. [/home/teedee/Pictures/QuangHuongComputer/backend/Services/Inventory/Inventory.csproj]
/home/teedee/Pictures/QuangHuongComputer/backend/Services/Inventory/Domain/Supplier.cs(24,15): warning CS8618: Non-nullable property 'Email' must contain a non-null value when exiting constructor. Consider adding the 'required' modifier or declaring the property as nullable. [/home/teedee/Pictures/QuangHuongComputer/backend/Services/Inventory/Inventory.csproj]
/home/teedee/Pictures/QuangHuongComputer/backend/Services/Inventory/Domain/Supplier.cs(24,15): warning CS8618: Non-nullable property 'Phone' must contain a non-null value when exiting constructor. Consider adding the 'required' modifier or declaring the property as nullable. [/home/teedee/Pictures/QuangHuongComputer/backend/Services/Inventory/Inventory.csproj]
/home/teedee/Pictures/QuangHuongComputer/backend/Services/Inventory/Domain/Supplier.cs(24,15): warning CS8618: Non-nullable property 'Address' must contain a non-null value when exiting constructor. Consider adding the 'required' modifier or declaring the property as nullable. [/home/teedee/Pictures/QuangHuongComputer/backend/Services/Inventory/Inventory.csproj]
/home/teedee/Pictures/QuangHuongComputer/backend/Services/Inventory/Domain/StockTransfer.cs(42,15): warning CS8618: Non-nullable property 'TransferNumber' must contain a non-null value when exiting constructor. Consider adding the 'required' modifier or declaring the property as nullable. [/home/teedee/Pictures/QuangHuongComputer/backend/Services/Inventory/Inventory.csproj]
/home/teedee/Pictures/QuangHuongComputer/backend/Services/Inventory/Domain/StockAdjustment.cs(38,15): warning CS8618: Non-nullable property 'AdjustmentNumber' must contain a non-null value when exiting constructor. Consider adding the 'required' modifier or declaring the property as nullable. [/home/teedee/Pictures/QuangHuongComputer/backend/Services/Inventory/Inventory.csproj]
/home/teedee/Pictures/QuangHuongComputer/backend/Services/Inventory/Domain/PurchaseOrder.cs(23,15): warning CS8618: Non-nullable property 'PONumber' must contain a non-null value when exiting constructor. Consider adding the 'required' modifier or declaring the property as nullable. [/home/teedee/Pictures/QuangHuongComputer/backend/Services/Inventory/Inventory.csproj]
/home/teedee/Pictures/QuangHuongComputer/backend/Services/HR/Domain/ShiftEntities.cs(11,17): warning CS0108: 'Shift.IsActive' hides inherited member 'Entity<Guid>.IsActive'. Use the new keyword if hiding was intended. [/home/teedee/Pictures/QuangHuongComputer/backend/Services/HR/HR.csproj]
/home/teedee/Pictures/QuangHuongComputer/backend/Services/HR/Domain/ShiftEntities.cs(36,15): warning CS8618: Non-nullable property 'Name' must contain a non-null value when exiting constructor. Consider adding the 'required' modifier or declaring the property as nullable. [/home/teedee/Pictures/QuangHuongComputer/backend/Services/HR/HR.csproj]
/home/teedee/Pictures/QuangHuongComputer/backend/Services/Accounting/Domain/ShiftSession.cs(141,15): warning CS8618: Non-nullable property 'Description' must contain a non-null value when exiting constructor. Consider adding the 'required' modifier or declaring the property as nullable. [/home/teedee/Pictures/QuangHuongComputer/backend/Services/Accounting/Accounting.csproj]
/home/teedee/Pictures/QuangHuongComputer/backend/Services/Accounting/Domain/Invoice.cs(312,15): warning CS8618: Non-nullable property 'PaymentReference' must contain a non-null value when exiting constructor. Consider adding the 'required' modifier or declaring the property as nullable. [/home/teedee/Pictures/QuangHuongComputer/backend/Services/Accounting/Accounting.csproj]
/home/teedee/Pictures/QuangHuongComputer/backend/Services/Accounting/Domain/OrganizationAccount.cs(20,15): warning CS8618: Non-nullable property 'Name' must contain a non-null value when exiting constructor. Consider adding the 'required' modifier or declaring the property as nullable. [/home/teedee/Pictures/QuangHuongComputer/backend/Services/Accounting/Accounting.csproj]
/home/teedee/Pictures/QuangHuongComputer/backend/Services/Accounting/Domain/Invoice.cs(290,15): warning CS8618: Non-nullable property 'Description' must contain a non-null value when exiting constructor. Consider adding the 'required' modifier or declaring the property as nullable. [/home/teedee/Pictures/QuangHuongComputer/backend/Services/Accounting/Accounting.csproj]
/home/teedee/Pictures/QuangHuongComputer/backend/Services/Accounting/Domain/OrganizationAccount.cs(54,15): warning CS8618: Non-nullable property 'Description' must contain a non-null value when exiting constructor. Consider adding the 'required' modifier or declaring the property as nullable. [/home/teedee/Pictures/QuangHuongComputer/backend/Services/Accounting/Accounting.csproj]

The build failed. Fix the build errors and run again.
